This file contains any messages produced by compilers while
running configure, to aid debugging if configure makes a mistake.

It was created by hello configure 0.1, which was
generated by GNU Autoconf 2.69.  Invocation command line was

  $ ./configure 

## --------- ##
## Platform. ##
## --------- ##

hostname = bioinfo
uname -m = x86_64
uname -r = 4.9.184-linuxkit
uname -s = Linux
uname -v = #1 SMP Tue Jul 2 22:58:16 UTC 2019

/usr/bin/uname -p = x86_64
/bin/uname -X     = unknown

/bin/arch              = x86_64
/usr/bin/arch -k       = unknown
/usr/convex/getsysinfo = unknown
/usr/bin/hostinfo      = unknown
/bin/machine           = unknown
/usr/bin/oslevel       = unknown
/bin/universe          = unknown

PATH: /usr/lib64/qt-3.3/bin
PATH: /opt/R/bin
PATH: /usr/local/bin
PATH: /bin
PATH: /usr/bin
PATH: /usr/local/sbin
PATH: /usr/sbin
PATH: /home/bio/.local/bin
PATH: /home/bio/bin


## ----------- ##
## Core tests. ##
## ----------- ##

configure:1832: checking for a BSD-compatible install
configure:1900: result: /bin/install -c
configure:1911: checking whether build environment is sane
configure:1966: result: yes
configure:2117: checking for a thread-safe mkdir -p
configure:2156: result: /bin/mkdir -p
configure:2163: checking for gawk
configure:2179: found /bin/gawk
configure:2190: result: gawk
configure:2201: checking whether make sets $(MAKE)
configure:2223: result: yes
configure:2252: checking whether make supports nested variables
configure:2269: result: yes
configure:2408: checking for gcc
configure:2424: found /bin/gcc
configure:2435: result: gcc
configure:2664: checking for C compiler version
configure:2673: gcc --version >&5
gcc (GCC) 4.8.5 20150623 (Red Hat 4.8.5-39)
Copyright (C) 2015 Free Software Foundation, Inc.
This is free software; see the source for copying conditions.  There is NO
warranty; not even for MERCHANTABILITY or FITNESS FOR A PARTICULAR PURPOSE.

configure:2684: $? = 0
configure:2673: gcc -v >&5
Using built-in specs.
COLLECT_GCC=gcc
COLLECT_LTO_WRAPPER=/usr/libexec/gcc/x86_64-redhat-linux/4.8.5/lto-wrapper
Target: x86_64-redhat-linux
Configured with: ../configure --prefix=/usr --mandir=/usr/share/man --infodir=/usr/share/info --with-bugurl=http://bugzilla.redhat.com/bugzilla --enable-bootstrap --enable-shared --enable-threads=posix --enable-checking=release --with-system-zlib --enable-__cxa_atexit --disable-libunwind-exceptions --enable-gnu-unique-object --enable-linker-build-id --with-linker-hash-style=gnu --enable-languages=c,c++,objc,obj-c++,java,fortran,ada,go,lto --enable-plugin --enable-initfini-array --disable-libgcj --with-isl=/builddir/build/BUILD/gcc-4.8.5-20150702/obj-x86_64-redhat-linux/isl-install --with-cloog=/builddir/build/BUILD/gcc-4.8.5-20150702/obj-x86_64-redhat-linux/cloog-install --enable-gnu-indirect-function --with-tune=generic --with-arch_32=x86-64 --build=x86_64-redhat-linux
Thread model: posix
gcc version 4.8.5 20150623 (Red Hat 4.8.5-39) (GCC) 
configure:2684: $? = 0
configure:2673: gcc -V >&5
gcc: error: unrecognized command line option '-V'
gcc: fatal error: no input files
compilation terminated.
configure:2684: $? = 4
configure:2673: gcc -qversion >&5
gcc: error: unrecognized command line option '-qversion'
gcc: fatal error: no input files
compilation terminated.
configure:2684: $? = 4
configure:2704: checking whether the C compiler works
configure:2726: gcc    conftest.c  >&5
configure:2730: $? = 0
configure:2778: result: yes
configure:2781: checking for C compiler default output file name
configure:2783: result: a.out
configure:2789: checking for suffix of executables
configure:2796: gcc -o conftest    conftest.c  >&5
configure:2800: $? = 0
configure:2822: result: 
configure:2844: checking whether we are cross compiling
configure:2852: gcc -o conftest    conftest.c  >&5
configure:2856: $? = 0
configure:2863: ./conftest
configure:2867: $? = 0
configure:2882: result: no
configure:2887: checking for suffix of object files
configure:2909: gcc -c   conftest.c >&5
configure:2913: $? = 0
configure:2934: result: o
configure:2938: checking whether we are using the GNU C compiler
configure:2957: gcc -c   conftest.c >&5
configure:2957: $? = 0
configure:2966: result: yes
configure:2975: checking whether gcc accepts -g
configure:2995: gcc -c -g  conftest.c >&5
configure:2995: $? = 0
configure:3036: result: yes
configure:3053: checking for gcc option to accept ISO C89
configure:3116: gcc  -c -g -O2  conftest.c >&5
configure:3116: $? = 0
configure:3129: result: none needed
configure:3160: checking for style of include used by make
configure:3188: result: GNU
configure:3214: checking dependency style of gcc
configure:3325: result: gcc3
configure:3458: checking that generated files are newer than configure
configure:3464: result: done
configure:3487: creating ./config.status

## ---------------------- ##
## Running config.status. ##
## ---------------------- ##

This file was extended by hello config.status 0.1, which was
generated by GNU Autoconf 2.69.  Invocation command line was

  CONFIG_FILES    = 
  CONFIG_HEADERS  = 
  CONFIG_LINKS    = 
  CONFIG_COMMANDS = 
  $ ./config.status 

on bioinfo

config.status:839: creating Makefile
config.status:839: creating config.h
config.status:1068: executing depfiles commands

## ---------------- ##
## Cache variables. ##
## ---------------- ##

ac_cv_c_compiler_gnu=yes
ac_cv_env_CC_set=
ac_cv_env_CC_value=
ac_cv_env_CFLAGS_set=
ac_cv_env_CFLAGS_value=
ac_cv_env_CPPFLAGS_set=
ac_cv_env_CPPFLAGS_value=
ac_cv_env_LDFLAGS_set=
ac_cv_env_LDFLAGS_value=
ac_cv_env_LIBS_set=
ac_cv_env_LIBS_value=
ac_cv_env_build_alias_set=
ac_cv_env_build_alias_value=
ac_cv_env_host_alias_set=
ac_cv_env_host_alias_value=
ac_cv_env_target_alias_set=
ac_cv_env_target_alias_value=
ac_cv_objext=o
ac_cv_path_install='/bin/install -c'
ac_cv_path_mkdir=/bin/mkdir
ac_cv_prog_AWK=gawk
ac_cv_prog_ac_ct_CC=gcc
ac_cv_prog_cc_c89=
ac_cv_prog_cc_g=yes
ac_cv_prog_make_make_set=yes
am_cv_CC_dependencies_compiler_type=gcc3
am_cv_make_support_nested_variables=yes

## ----------------- ##
## Output variables. ##
## ----------------- ##

ACLOCAL='${SHELL} /home/bio/bi296/chap7/lecture/make/hello/missing aclocal-1.13'
AMDEPBACKSLASH='\'
AMDEP_FALSE='#'
AMDEP_TRUE=''
AMTAR='$${TAR-tar}'
AM_BACKSLASH='\'
AM_DEFAULT_V='$(AM_DEFAULT_VERBOSITY)'
AM_DEFAULT_VERBOSITY='1'
AM_V='$(V)'
AUTOCONF='${SHELL} /home/bio/bi296/chap7/lecture/make/hello/missing autoconf'
AUTOHEADER='${SHELL} /home/bio/bi296/chap7/lecture/make/hello/missing autoheader'
AUTOMAKE='${SHELL} /home/bio/bi296/chap7/lecture/make/hello/missing automake-1.13'
AWK='gawk'
CC='gcc'
CCDEPMODE='depmode=gcc3'
CFLAGS='-g -O2'
CPPFLAGS=''
CYGPATH_W='echo'
DEFS='-DHAVE_CONFIG_H'
DEPDIR='.deps'
ECHO_C=''
ECHO_N='-n'
ECHO_T=''
EXEEXT=''
INSTALL_DATA='${INSTALL} -m 644'
INSTALL_PROGRAM='${INSTALL}'
INSTALL_SCRIPT='${INSTALL}'
INSTALL_STRIP_PROGRAM='$(install_sh) -c -s'
LDFLAGS=''
LIBOBJS=''
LIBS=''
LTLIBOBJS=''
MAKEINFO='${SHELL} /home/bio/bi296/chap7/lecture/make/hello/missing makeinfo'
MKDIR_P='/bin/mkdir -p'
OBJEXT='o'
PACKAGE='hello'
PACKAGE_BUGREPORT='ricket@sjtu.edu.cn'
PACKAGE_NAME='hello'
PACKAGE_STRING='hello 0.1'
PACKAGE_TARNAME='hello'
PACKAGE_URL=''
PACKAGE_VERSION='0.1'
PATH_SEPARATOR=':'
SET_MAKE=''
SHELL='/bin/sh'
STRIP=''
VERSION='0.1'
ac_ct_CC='gcc'
am__EXEEXT_FALSE=''
am__EXEEXT_TRUE='#'
am__fastdepCC_FALSE='#'
am__fastdepCC_TRUE=''
am__include='include'
am__isrc=''
am__leading_dot='.'
am__nodep='_no'
am__quote=''
am__tar='$${TAR-tar} chof - "$$tardir"'
am__untar='$${TAR-tar} xf -'
bindir='${exec_prefix}/bin'
build_alias=''
datadir='${datarootdir}'
datarootdir='${prefix}/share'
docdir='${datarootdir}/doc/${PACKAGE_TARNAME}'
dvidir='${docdir}'
exec_prefix='${prefix}'
host_alias=''
htmldir='${docdir}'
includedir='${prefix}/include'
infodir='${datarootdir}/info'
install_sh='${SHELL} /home/bio/bi296/chap7/lecture/make/hello/install-sh'
libdir='${exec_prefix}/lib'
libexecdir='${exec_prefix}/libexec'
localedir='${datarootdir}/locale'
localstatedir='${prefix}/var'
mandir='${datarootdir}/man'
mkdir_p='$(MKDIR_P)'
oldincludedir='/usr/include'
pdfdir='${docdir}'
prefix='/usr/local'
program_transform_name='s,x,x,'
psdir='${docdir}'
sbindir='${exec_prefix}/sbin'
sharedstatedir='${prefix}/com'
sysconfdir='${prefix}/etc'
target_alias=''

## ----------- ##
## confdefs.h. ##
## ----------- ##

/* confdefs.h */
#define PACKAGE_NAME "hello"
#define PACKAGE_TARNAME "hello"
#define PACKAGE_VERSION "0.1"
#define PACKAGE_STRING "hello 0.1"
#define PACKAGE_BUGREPORT "ricket@sjtu.edu.cn"
#define PACKAGE_URL ""
#define PACKAGE "hello"
#define VERSION "0.1"

configure: exit 0
